Análisis de eventos:
Misión: ColonyMoon, Tipo de Dispositivo: Satellite
   Estado: unknown, Cantidad: 1
   Estado: excellent, Cantidad: 1
   Estado: warning, Cantidad: 1
Misión: VacMars, Tipo de Dispositivo: Spaceship
   Estado: excellent, Cantidad: 1
   Estado: good, Cantidad: 1
Misión: Moon'sBallon, Tipo de Dispositivo: unknown
   Estado: unknown, Cantidad: 2
Misión: OrbitOne, Tipo de Dispositivo: Rover
   Estado: killed, Cantidad: 1
   Estado: faulty, Cantidad: 1
Misión: VacMars, Tipo de Dispositivo: SpaceSuit
   Estado: unknown, Cantidad: 1
   Estado: excellent, Cantidad: 1
Misión: GalaxyTwo, Tipo de Dispositivo: Spaceship
   Estado: faulty, Cantidad: 1

Gestión de desconexiones:
Misión: ColonyMoon, Tipo de Dispositivo: Satellite
   Desconexiones (unknown): 1
Misión: VacMars, Tipo de Dispositivo: Spaceship
   Desconexiones (unknown): 0
Misión: Moon'sBallon, Tipo de Dispositivo: unknown
   Desconexiones (unknown): 2
Misión: OrbitOne, Tipo de Dispositivo: Rover
   Desconexiones (unknown): 0
Misión: VacMars, Tipo de Dispositivo: SpaceSuit
   Desconexiones (unknown): 1
Misión: GalaxyTwo, Tipo de Dispositivo: Spaceship
   Desconexiones (unknown): 0

Consolidación de misiones:
Total de dispositivos inoperables: 3

Cálculo de porcentajes:
Misión: ColonyMoon, Tipo de Dispositivo: Satellite, Porcentaje: 66.67%
Misión: VacMars, Tipo de Dispositivo: Spaceship, Porcentaje: 100.00%
Misión: Moon'sBallon, Tipo de Dispositivo: unknown, Porcentaje: 0.00%
Misión: OrbitOne, Tipo de Dispositivo: Rover, Porcentaje: 100.00%
Misión: VacMars, Tipo de Dispositivo: SpaceSuit, Porcentaje: 50.00%
Misión: GalaxyTwo, Tipo de Dispositivo: Spaceship, Porcentaje: 100.00%
